#
# There is insufficient memory for the Java Runtime Environment to continue.
# Native memory allocation (mmap) failed to map 266338304 bytes for Failed to commit area from 0x0000000702800000 to 0x0000000712600000 of length 266338304.
# Possible reasons:
#   The system is out of physical RAM or swap space
#   The process is running with CompressedOops enabled, and the Java Heap may be blocking the growth of the native heap
# Possible solutions:
#   Reduce memory load on the system
#   Increase physical memory or swap space
#   Check if swap backing store is full
#   Decrease Java heap size (-Xmx/-Xms)
#   Decrease number of Java threads
#   Decrease Java thread stack sizes (-Xss)
#   Set larger code cache with -XX:ReservedCodeCacheSize=
# This output file may be truncated or incomplete.
#
#  Out of Memory Error (./src/hotspot/os/windows/os_windows.cpp:3303), pid=18832, tid=15980
#
# JRE version:  (11.0.8+10) (build )
# Java VM: OpenJDK 64-Bit Server VM (11.0.8+10-b944.6842174, mixed mode, sharing, tiered, compressed oops, g1 gc, windows-amd64)
# No core dump will be written. Minidumps are not enabled by default on client versions of Windows
#

---------------  S U M M A R Y ------------

Command Line: 

Host: Intel(R) Core(TM) i7-10875H CPU @ 2.30GHz, 16 cores, 15G,  Windows 10 , 64 bit Build 19041 (10.0.19041.1023)
Time: Thu Jun 24 20:44:54 2021 中国标准时间 elapsed time: 0 seconds (0d 0h 0m 0s)

---------------  T H R E A D  ---------------

Current thread (0x0000020c6766e000):  JavaThread "Unknown thread" [_thread_in_vm, id=15980, stack(0x0000009e76d00000,0x0000009e76e00000)]

Stack: [0x0000009e76d00000,0x0000009e76e00000]
Native frames: (J=compiled Java code, j=interpreted, Vv=VM code, C=native code)
V  [jvm.dll+0x5de50a]
V  [jvm.dll+0x7122f5]
V  [jvm.dll+0x71384d]
V  [jvm.dll+0x713f03]
V  [jvm.dll+0x23e728]
V  [jvm.dll+0x5db9a4]
V  [jvm.dll+0x5d0ae5]
V  [jvm.dll+0x2fb20b]
V  [jvm.dll+0x2fb17a]
V  [jvm.dll+0x2fb052]
V  [jvm.dll+0x2fff16]
V  [jvm.dll+0x348743]
V  [jvm.dll+0x348e46]
V  [jvm.dll+0x348843]
V  [jvm.dll+0x2d5d68]
V  [jvm.dll+0x2d6f07]
V  [jvm.dll+0x6f11f7]
V  [jvm.dll+0x6f29ec]
V  [jvm.dll+0x355cb9]
V  [jvm.dll+0x6d4ade]
V  [jvm.dll+0x3bdfe3]
V  [jvm.dll+0x3c0201]
C  [jli.dll+0x5373]
C  [ucrtbase.dll+0x21bb2]
C  [KERNEL32.DLL+0x17034]
C  [ntdll.dll+0x52651]


---------------  P R O C E S S  ---------------

Threads class SMR info:
_java_thread_list=0x0000020c65530a50, length=0, elements={
}

Java Threads: ( => current thread )

Other Threads:
  0x0000020c67680800 GCTaskThread "GC Thread#0" [stack: 0x0000009e76e00000,0x0000009e76f00000] [id=26280]
  0x0000020c676de000 ConcurrentGCThread "G1 Main Marker" [stack: 0x0000009e76f00000,0x0000009e77000000] [id=6792]
  0x0000020c676df800 ConcurrentGCThread "G1 Conc#0" [stack: 0x0000009e77000000,0x0000009e77100000] [id=30084]

[error occurred during error reporting (printing all threads), id 0xc0000005, EXCEPTION_ACCESS_VIOLATION (0xc0000005) at pc=0x00007ffea8bf6357]

VM state:not at safepoint (not fully initialized)

VM Mutex/Monitor currently owned by a thread:  ([mutex/lock_event])
[0x0000020c67669f10] Heap_lock - owner thread: 0x0000020c6766e000

Heap address: 0x0000000702800000, size: 4056 MB, Compressed Oops mode: Non-zero based: 0x0000000702800000
Narrow klass base: 0x0000000000000000, Narrow klass shift: 0

GC Heap History (0 events):
No events

Deoptimization events (0 events):
No events

Classes redefined (0 events):
No events

Internal exceptions (0 events):
No events

Events (1 events):
Event: 0.007 Loaded shared library C:\Program Files\Android\Android Studio\jre\bin\zip.dll


Dynamic libraries:
0x00007ff6fd6a0000 - 0x00007ff6fd6aa000 	C:\Program Files\Android\Android Studio\jre\bin\java.EXE
0x00007ffefd750000 - 0x00007ffefd945000 	C:\windows\SYSTEM32\ntdll.dll
0x00007ffefbbb0000 - 0x00007ffefbc6d000 	C:\windows\System32\KERNEL32.DLL
0x00007ffefb300000 - 0x00007ffefb5c8000 	C:\windows\System32\KERNELBASE.dll
0x00007ffefb200000 - 0x00007ffefb300000 	C:\windows\System32\ucrtbase.dll
0x00007ffef1020000 - 0x00007ffef1039000 	C:\Program Files\Android\Android Studio\jre\bin\jli.dll
0x00007ffef52e0000 - 0x00007ffef52f7000 	C:\Program Files\Android\Android Studio\jre\bin\VCRUNTIME140.dll
0x00007ffefd560000 - 0x00007ffefd700000 	C:\windows\System32\USER32.dll
0x00007ffefb5d0000 - 0x00007ffefb5f2000 	C:\windows\System32\win32u.dll
0x00007ffefbc70000 - 0x00007ffefbc9a000 	C:\windows\System32\GDI32.dll
0x00007ffee6250000 - 0x00007ffee64ea000 	C:\windows\WinSxS\amd64_microsoft.windows.common-controls_6595b64144ccf1df_6.0.19041.1052_none_60b8f8fd71f5e8cb\COMCTL32.dll
0x00007ffefb660000 - 0x00007ffefb76b000 	C:\windows\System32\gdi32full.dll
0x00007ffefb7c0000 - 0x00007ffefb85e000 	C:\windows\System32\msvcrt.dll
0x00007ffefb000000 - 0x00007ffefb09d000 	C:\windows\System32\msvcp_win.dll
0x00007ffefd530000 - 0x00007ffefd560000 	C:\windows\System32\IMM32.DLL
0x00007ffee6500000 - 0x00007ffee659d000 	C:\Program Files\Android\Android Studio\jre\bin\msvcp140.dll
0x00007ffea8910000 - 0x00007ffea93cc000 	C:\Program Files\Android\Android Studio\jre\bin\server\jvm.dll
0x00007ffefc990000 - 0x00007ffefca3c000 	C:\windows\System32\ADVAPI32.dll
0x00007ffefca40000 - 0x00007ffefcadb000 	C:\windows\System32\sechost.dll
0x00007ffefcae0000 - 0x00007ffefcc0b000 	C:\windows\System32\RPCRT4.dll
0x00007ffefceb0000 - 0x00007ffefceb8000 	C:\windows\System32\PSAPI.DLL
0x00007ffef3820000 - 0x00007ffef3829000 	C:\windows\SYSTEM32\WSOCK32.dll
0x00007ffefcc10000 - 0x00007ffefcc7b000 	C:\windows\System32\WS2_32.dll
0x00007ffee03d0000 - 0x00007ffee03f7000 	C:\windows\SYSTEM32\WINMM.dll
0x00007ffef50e0000 - 0x00007ffef50ea000 	C:\windows\SYSTEM32\VERSION.dll
0x00007ffef8da0000 - 0x00007ffef8db2000 	C:\windows\SYSTEM32\kernel.appcore.dll
0x00007ffef0f30000 - 0x00007ffef0f41000 	C:\Program Files\Android\Android Studio\jre\bin\verify.dll
0x00007ffee0470000 - 0x00007ffee0654000 	C:\windows\SYSTEM32\DBGHELP.DLL
0x00007ffee0900000 - 0x00007ffee092c000 	C:\windows\SYSTEM32\dbgcore.DLL
0x00007ffefae90000 - 0x00007ffefaf13000 	C:\windows\System32\bcryptPrimitives.dll
0x00007ffeee720000 - 0x00007ffeee749000 	C:\Program Files\Android\Android Studio\jre\bin\java.dll
0x00007ffef3810000 - 0x00007ffef381b000 	C:\Program Files\Android\Android Studio\jre\bin\jimage.dll
0x00007ffeef580000 - 0x00007ffeef598000 	C:\Program Files\Android\Android Studio\jre\bin\zip.dll

dbghelp: loaded successfully - version: 4.0.5 - missing functions: none
symbol engine: initialized successfully - sym options: 0x614 - pdb path: .;C:\Program Files\Android\Android Studio\jre\bin;C:\windows\SYSTEM32;C:\windows\WinSxS\amd64_microsoft.windows.common-controls_6595b64144ccf1df_6.0.19041.1052_none_60b8f8fd71f5e8cb;C:\Program Files\Android\Android Studio\jre\bin\server

VM Arguments:
java_command: <unknown>
java_class_path (initial): <not set>
Launcher Type: SUN_STANDARD

[Global flags]
     intx CICompilerCount                          = 12                                        {product} {ergonomic}
     uint ConcGCThreads                            = 3                                         {product} {ergonomic}
     uint G1ConcRefinementThreads                  = 13                                        {product} {ergonomic}
   size_t G1HeapRegionSize                         = 1048576                                   {product} {ergonomic}
    uintx GCDrainStackTargetSize                   = 64                                        {product} {ergonomic}
   size_t InitialHeapSize                          = 266338304                                 {product} {ergonomic}
   size_t MarkStackSize                            = 4194304                                   {product} {ergonomic}
   size_t MaxHeapSize                              = 4253024256                                {product} {ergonomic}
   size_t MinHeapDeltaBytes                        = 1048576                                   {product} {ergonomic}
    uintx NonNMethodCodeHeapSize                   = 7594288                                {pd product} {ergonomic}
    uintx NonProfiledCodeHeapSize                  = 122031976                              {pd product} {ergonomic}
    uintx ProfiledCodeHeapSize                     = 122031976                              {pd product} {ergonomic}
    uintx ReservedCodeCacheSize                    = 251658240                              {pd product} {ergonomic}
     bool SegmentedCodeCache                       = true                                      {product} {ergonomic}
     bool UseCompressedClassPointers               = true                                 {lp64_product} {ergonomic}
     bool UseCompressedOops                        = true                                 {lp64_product} {ergonomic}
     bool UseG1GC                                  = true                                      {product} {ergonomic}
     bool UseLargePagesIndividualAllocation        = false                                  {pd product} {ergonomic}

Logging:
Log output configuration:
 #0: stdout all=warning uptime,level,tags
 #1: stderr all=off uptime,level,tags

Environment Variables:
PATH=C:\Windows\system32;C:\Windows;C:\Windows\System32\Wbem;C:\Windows\System32\WindowsPowerShell\v1.0\;C:\Windows\System32\OpenSSH\;C:\Program Files (x86)\NVIDIA Corporation\PhysX\Common;C:\Program Files\NVIDIA Corporation\NVIDIA NvDLISR;C:\Program Files\Git\cmd;C:\flutter\bin;C:\Users\jhon\AppData\Local\Microsoft\WindowsApps;;C:\flutter\bin\mingit\cmd
USERNAME=jhon
OS=Windows_NT
PROCESSOR_IDENTIFIER=Intel64 Family 6 Model 165 Stepping 2, GenuineIntel



---------------  S Y S T E M  ---------------

OS: Windows 10 , 64 bit Build 19041 (10.0.19041.1023)
OS uptime: 3 days 22:21 hours
HyperV virtualization detected

CPU:total 16 (initial active 16) (8 cores per cpu, 2 threads per core) family 6 model 165 stepping 2, cmov, cx8, fxsr, mmx, sse, sse2, sse3, ssse3, sse4.1, sse4.2, popcnt, avx, avx2, aes, clmul, erms, 3dnowpref, lzcnt, ht, tsc, tscinvbit, bmi1, bmi2, adx, fma

Memory: 4k page, system-wide physical 16220M (2720M free)
TotalPageFile size 20316M (AvailPageFile size 185M)
current process WorkingSet (physical memory assigned to process): 10M, peak: 10M
current process commit charge ("private bytes"): 71M, peak: 325M

vm_info: OpenJDK 64-Bit Server VM (11.0.8+10-b944.6842174) for windows-amd64 JRE (11.0.8+10-b944.6842174), built on Sep 19 2020 01:11:42 by "builder" with MS VC++ 14.0 (VS2015)

END.
